<?xml version="1.0" encoding="UTF-8"?>
<testng-results ignored="0" total="1" passed="1" failed="0" skipped="0">
  <reporter-output>
  </reporter-output>
  <suite started-at="2024-08-22T11:36:42 IST" name="Default suite" finished-at="2024-08-22T11:36:46 IST" duration-ms="3669">
    <groups>
    </groups>
    <test started-at="2024-08-22T11:36:42 IST" name="Default test" finished-at="2024-08-22T11:36:46 IST" duration-ms="3669">
      <class name="Base_Class_Configuration.Sample_Test_003">
        <test-method signature="Demo()[pri:0, instance:Base_Class_Configuration.Sample_Test_003@782859e]" started-at="2024-08-22T11:36:42 IST" name="Demo" finished-at="2024-08-22T11:36:46 IST" duration-ms="3603" status="PASS">
          <reporter-output>
          </reporter-output>
        </test-method> <!-- Demo -->
      </class> <!-- Base_Class_Configuration.Sample_Test_003 -->
    </test> <!-- Default test -->
  </suite> <!-- Default suite -->
</testng-results>
